Using pre-set license
Built from '2020.3/release' branch; Version is '2020.3.2f1 (8fd9074bf66c) revision 9427207'; Using compiler version '192528614'; Build Type 'Release'
OS: 'Windows 10 Home; OS build 19042.1052; Version 2009; 64bit' Language: 'ko' Physical Memory: 16233 MB
BatchMode: 1, IsHumanControllingUs: 0, StartBugReporterOnCrash: 0, Is64bit: 1, IsPro: 0

 COMMAND LINE ARGUMENTS:
C:\2020.3.2f1\Editor\Unity.exe
-adb2
-batchMode
-noUpm
-name
AssetImportWorker0
-projectPath
D:/RCTN/RctnProject
-logFile
Logs/AssetImportWorker0.log
-srvPort
59208
Successfully changed project path to: D:/RCTN/RctnProject
D:/RCTN/RctnProject
Using Asset Import Pipeline V2.
Refreshing native plugins compatible for Editor in 137.47 ms, found 1 plugins.
Preloading 0 native plugins for Editor in 0.00 ms.
Initialize engine version: 2020.3.2f1 (8fd9074bf66c)
[Subsystems] Discovering subsystems at path C:/2020.3.2f1/Editor/Data/Resources/UnitySubsystems
[Subsystems] Discovering subsystems at path D:/RCTN/RctnProject/Assets
GfxDevice: creating device client; threaded=0
Direct3D:
    Version:  Direct3D 11.0 [level 11.1]
    Renderer: NVIDIA GeForce RTX 2060 (ID=0x1f11)
    Vendor:   
    VRAM:     5980 MB
    Driver:   26.21.14.3187
Initialize mono
Mono path[0] = 'C:/2020.3.2f1/Editor/Data/Managed'
Mono path[1] = 'C:/2020.3.2f1/Editor/Data/MonoBleedingEdge/lib/mono/unityjit'
Mono config path = 'C:/2020.3.2f1/Editor/Data/MonoBleedingEdge/etc'
Using monoOptions --debugger-agent=transport=dt_socket,embedding=1,server=y,suspend=n,address=127.0.0.1:56968
Begin MonoManager ReloadAssembly
Registering precompiled unity dll's ...
Register platform support module: C:/2020.3.2f1/Editor/Data/PlaybackEngines/WindowsStandaloneSupport/UnityEditor.WindowsStandalone.Extensions.dll
Registered in 0.002996 seconds.
Native extension for WindowsStandalone target not found
Refreshing native plugins compatible for Editor in 40.05 ms, found 1 plugins.
Preloading 0 native plugins for Editor in 0.00 ms.
Invoked RoslynAnalysisRunner static constructor.
RoslynAnalysisRunner will not be running.
RoslynAnalysisRunner has terminated.
Mono: successfully reloaded assembly
- Completed reload, in  2.076 seconds
Platform modules already initialized, skipping
Registering precompiled user dll's ...
Registered in 0.002069 seconds.
Begin MonoManager ReloadAssembly
Native extension for WindowsStandalone target not found
Refreshing native plugins compatible for Editor in 45.31 ms, found 1 plugins.
Preloading 0 native plugins for Editor in 0.00 ms.
Invoked RoslynAnalysisRunner static constructor.
RoslynAnalysisRunner will not be running.
RoslynAnalysisRunner has terminated.
Mono: successfully reloaded assembly
- Completed reload, in  0.934 seconds
Platform modules already initialized, skipping
========================================================================
Worker process is ready to serve import requests
Launched and connected shader compiler UnityShaderCompiler.exe after 0.06 seconds
Refreshing native plugins compatible for Editor in 0.42 ms, found 1 plugins.
Preloading 0 native plugins for Editor in 0.00 ms.
Unloading 2002 Unused Serialized files (Serialized files now loaded: 0)
System memory in use before: 113.1 MB.
System memory in use after: 113.0 MB.

Unloading 26 unused Assets to reduce memory usage. Loaded Objects now: 2472.
Total: 2.329600 ms (FindLiveObjects: 0.225900 ms CreateObjectMapping: 0.070700 ms MarkObjects: 1.846200 ms  DeleteObjects: 0.186000 ms)

========================================================================
Received Import Request.
  path: Assets/01.Script/Player/PlayerGroup.cs
  artifactKey: Guid(65c41e39e922ca541880bb3fa696b29a) Importer(815301076,1909f56bfc062723c751e8b465ee728b)
Start importing Assets/01.Script/Player/PlayerGroup.cs using Guid(65c41e39e922ca541880bb3fa696b29a) Importer(815301076,1909f56bfc062723c751e8b465ee728b)  -> (artifact id: '6b6b755a232f4a99f0e0045b1ae9c6a7') in 0.088360 seconds
  Import took 0.217497 seconds .

========================================================================
Received Import Request.
  Time since last request: 0.000399 seconds.
  path: Assets/01.Script/Enemys/Enemy.cs
  artifactKey: Guid(652eb05312189324f8c8d105bec83214) Importer(815301076,1909f56bfc062723c751e8b465ee728b)
Start importing Assets/01.Script/Enemys/Enemy.cs using Guid(652eb05312189324f8c8d105bec83214) Importer(815301076,1909f56bfc062723c751e8b465ee728b)  -> (artifact id: 'cd960fb4e96b6d54434215f6035284eb') in 0.017040 seconds
  Import took 0.055869 seconds .

========================================================================
Received Import Request.
  Time since last request: 0.000288 seconds.
  path: Assets/01.Script/Player/LivingPlayer.cs
  artifactKey: Guid(b5a8ce9b7d08750459a1450297c40c3d) Importer(815301076,1909f56bfc062723c751e8b465ee728b)
Start importing Assets/01.Script/Player/LivingPlayer.cs using Guid(b5a8ce9b7d08750459a1450297c40c3d) Importer(815301076,1909f56bfc062723c751e8b465ee728b)  -> (artifact id: 'b362ff6069d2a60e3c587e5473748be0') in 0.006405 seconds
  Import took 0.058935 seconds .

========================================================================
Received Import Request.
  Time since last request: 475.794372 seconds.
  path: Assets/02.Prefab/eMonsters/EnemyGroup.prefab
  artifactKey: Guid(dc6201a0300e7f443b0ab5bd2d8bfdf1) Importer(815301076,1909f56bfc062723c751e8b465ee728b)
Start importing Assets/02.Prefab/eMonsters/EnemyGroup.prefab using Guid(dc6201a0300e7f443b0ab5bd2d8bfdf1) Importer(815301076,1909f56bfc062723c751e8b465ee728b)  -> (artifact id: '817df7b262bd49c352cacbc3c79616b1') in 0.039250 seconds
  Import took 0.073773 seconds .

========================================================================
Received Import Request.
  Time since last request: 14.772448 seconds.
  path: Assets/07.Scenes/GameScene.unity
  artifactKey: Guid(2cda990e2423bbf4892e6590ba056729) Importer(815301076,1909f56bfc062723c751e8b465ee728b)
Start importing Assets/07.Scenes/GameScene.unity using Guid(2cda990e2423bbf4892e6590ba056729) Importer(815301076,1909f56bfc062723c751e8b465ee728b)  -> (artifact id: '46eb01a2ac3ff7e1c5a9f67bc76bab89') in 0.007442 seconds
  Import took 0.123826 seconds .

========================================================================
Received Import Request.
  Time since last request: 20.111985 seconds.
  path: Assets/02.Prefab/eMonsters/EnemyGroup.prefab
  artifactKey: Guid(dc6201a0300e7f443b0ab5bd2d8bfdf1) Importer(815301076,1909f56bfc062723c751e8b465ee728b)
Start importing Assets/02.Prefab/eMonsters/EnemyGroup.prefab using Guid(dc6201a0300e7f443b0ab5bd2d8bfdf1) Importer(815301076,1909f56bfc062723c751e8b465ee728b)  -> (artifact id: '4546686af281277632f3ddb53d632090') in 0.004460 seconds
  Import took 0.008788 seconds .

========================================================================
Received Import Request.
  Time since last request: 3727.899767 seconds.
  path: Assets/05.Sprite/logo.png
  artifactKey: Guid(577d393a9e140634a86270bc9ad562e9) Importer(815301076,1909f56bfc062723c751e8b465ee728b)
Start importing Assets/05.Sprite/logo.png using Guid(577d393a9e140634a86270bc9ad562e9) Importer(815301076,1909f56bfc062723c751e8b465ee728b)  -> (artifact id: '8be1a4ff96fe68554e5fe64f95b52309') in 0.174397 seconds
  Import took 0.194251 seconds .

========================================================================
Received Prepare
Refreshing native plugins compatible for Editor in 2.31 ms, found 1 plugins.
Preloading 0 native plugins for Editor in 0.00 ms.
Unloading 12 Unused Serialized files (Serialized files now loaded: 0)
System memory in use before: 75.7 MB.
System memory in use after: 75.6 MB.

Unloading 12 unused Assets to reduce memory usage. Loaded Objects now: 2478.
Total: 3.454800 ms (FindLiveObjects: 0.201200 ms CreateObjectMapping: 0.068100 ms MarkObjects: 2.924700 ms  DeleteObjects: 0.259400 ms)

========================================================================
Received Prepare
Refreshing native plugins compatible for Editor in 2.25 ms, found 1 plugins.
Preloading 0 native plugins for Editor in 0.00 ms.
Unloading 12 Unused Serialized files (Serialized files now loaded: 0)
System memory in use before: 75.7 MB.
System memory in use after: 75.6 MB.

Unloading 12 unused Assets to reduce memory usage. Loaded Objects now: 2478.
Total: 2.558600 ms (FindLiveObjects: 0.272800 ms CreateObjectMapping: 0.083000 ms MarkObjects: 2.043100 ms  DeleteObjects: 0.159100 ms)

========================================================================
Received Prepare
Refreshing native plugins compatible for Editor in 2.11 ms, found 1 plugins.
Preloading 0 native plugins for Editor in 0.00 ms.
Unloading 12 Unused Serialized files (Serialized files now loaded: 0)
System memory in use before: 75.7 MB.
System memory in use after: 75.6 MB.

Unloading 12 unused Assets to reduce memory usage. Loaded Objects now: 2478.
Total: 2.690500 ms (FindLiveObjects: 0.184200 ms CreateObjectMapping: 0.069900 ms MarkObjects: 2.276000 ms  DeleteObjects: 0.159500 ms)

========================================================================
Received Import Request.
  Time since last request: 539.325578 seconds.
  path: Assets/01.Script/ParentClass/MouseClick.cs
  artifactKey: Guid(1bb0e0a94fcb7b649bfad1f89de6bc11) Importer(815301076,1909f56bfc062723c751e8b465ee728b)
Start importing Assets/01.Script/ParentClass/MouseClick.cs using Guid(1bb0e0a94fcb7b649bfad1f89de6bc11) Importer(815301076,1909f56bfc062723c751e8b465ee728b)  -> (artifact id: 'bd91a7af88f49c129c38281132fce4bc') in 0.111338 seconds
  Import took 0.133003 seconds .

========================================================================
Received Import Request.
  Time since last request: 31453.744459 seconds.
  path: Assets/01.Script/ParentClass/SoundManager.cs
  artifactKey: Guid(8434e9198d624094eafd8d1ed7362209) Importer(815301076,1909f56bfc062723c751e8b465ee728b)
Start importing Assets/01.Script/ParentClass/SoundManager.cs using Guid(8434e9198d624094eafd8d1ed7362209) Importer(815301076,1909f56bfc062723c751e8b465ee728b)  -> (artifact id: 'd44d79a3459d4070a0da675dea501b11') in 0.028417 seconds
  Import took 0.121757 seconds .

========================================================================
Received Import Request.
  Time since last request: 0.711767 seconds.
  path: Assets/01.Script/Enemys/EnemyManager.cs
  artifactKey: Guid(359030ca9d01077429d1fd3b15006fa4) Importer(815301076,1909f56bfc062723c751e8b465ee728b)
Start importing Assets/01.Script/Enemys/EnemyManager.cs using Guid(359030ca9d01077429d1fd3b15006fa4) Importer(815301076,1909f56bfc062723c751e8b465ee728b)  -> (artifact id: '6afa94bae2a0e354ae1d06d9f9d30990') in 0.006760 seconds
  Import took 0.044926 seconds .

========================================================================
Received Import Request.
  Time since last request: 1.052421 seconds.
  path: Assets/01.Script/Enemys/EnemyGroup.cs
  artifactKey: Guid(50bb24f2a6e889843b9ff81df5d4393e) Importer(815301076,1909f56bfc062723c751e8b465ee728b)
Start importing Assets/01.Script/Enemys/EnemyGroup.cs using Guid(50bb24f2a6e889843b9ff81df5d4393e) Importer(815301076,1909f56bfc062723c751e8b465ee728b)  -> (artifact id: '53f1f8a65a63ba9dc41472e1b65ac6fc') in 0.014983 seconds
  Import took 0.042407 seconds .

========================================================================
Received Import Request.
  Time since last request: 11.669868 seconds.
  path: Assets/01.Script/Data/AbilityData.cs
  artifactKey: Guid(b7ce2576673d8f74f892e4c177c391b3) Importer(815301076,1909f56bfc062723c751e8b465ee728b)
Start importing Assets/01.Script/Data/AbilityData.cs using Guid(b7ce2576673d8f74f892e4c177c391b3) Importer(815301076,1909f56bfc062723c751e8b465ee728b)  -> (artifact id: '1b8e375aae7c51293351338f1c026cc4') in 0.011776 seconds
  Import took 0.042821 seconds .

========================================================================
Received Import Request.
  Time since last request: 5.053316 seconds.
  path: Assets/01.Script/ParentClass/UiManager.cs
  artifactKey: Guid(8aa022454ab7fea4a82fcfcc9c493e79) Importer(815301076,1909f56bfc062723c751e8b465ee728b)
Start importing Assets/01.Script/ParentClass/UiManager.cs using Guid(8aa022454ab7fea4a82fcfcc9c493e79) Importer(815301076,1909f56bfc062723c751e8b465ee728b)  -> (artifact id: 'dc33c46c26965e3248b7f99322cb0c5d') in 0.007647 seconds
  Import took 0.032475 seconds .

AssetImportWorkerClient::OnTransportError - code=2 error=End of file
